vuser_end.c(29):     jQuery.each( { Height: "height", Width: "width" }, function( name, type ) {\r\n
vuser_end.c(29):     \tjQuery.each( { padding: "inner" + name, content: type, "": "outer" + name },\r\n
vuser_end.c(29):     \t\tfunction( defaultExtra, funcName ) {\r\n
vuser_end.c(29):     \r\n
vuser_end.c(29):     \t\t// Margin is only for outerHeight, outerWidth\r\n
vuser_end.c(29):     \t\tjQuery.fn[ funcName ] = function( margin, value ) {\r\n
vuser_end.c(29):     \t\t\tvar chainable = arguments.length && ( defaultExtra || typeof margin !== "boolean" ),
vuser_end.c(29):     \r\n
vuser_end.c(29):     \t\t\t\textra = defaultExtra || ( margin === true || value === true ? "margin" : "border" 
vuser_end.c(29):     );\r\n
vuser_end.c(29):     \r\n
vuser_end.c(29):     \t\t\treturn access( this, function( elem, type, value ) {\r\n
vuser_end.c(29):     \t\t\t\tvar doc;\r\n
vuser_end.c(29):     \r\n
vuser_end.c(29):     \t\t\t\tif ( isWindow( elem ) ) {\r\n
vuser_end.c(29):     \r\n
vuser_end.c(29):     \t\t\t\t\t// $( window ).outerWidth/Height return w/h including scrollbars (gh-1729)\r\n
vuser_end.c(29):     \t\t\t\t\treturn funcName.indexOf( "outer" ) === 0 ?\r\n
vuser_end.c(29):     \t\t\t\t\t\telem[ "inner" + name ] :\r\n
vuser_end.c(29):     \t\t\t\t\t\telem.document.documentElement[ "client" + name ];\r\n
vuser_end.c(29):     \t\t\t\t}\r\n
vuser_end.c(29):     \r\n
vuser_end.c(29):     \t\t\t\t// Get document width or height\r\n
vuser_end.c(29):     \t\t\t\tif ( elem.nodeType === 9 ) {\r\n
vuser_end.c(29):     \t\t\t\t\tdoc = elem.documentElement;\r\n
vuser_end.c(29):     \r\n
vuser_end.c(29):     \t\t\t\t\t// Either scroll[Width/Height] or offset[Width/Height] or client[Width/Height],\r
vuser_end.c(29):     \n
vuser_end.c(29):     \t\t\t\t\t// whichever is greatest\r\n
vuser_end.c(29):     \t\t\t\t\treturn Math.max(\r\n
vuser_end.c(29):     \t\t\t\t\t\telem.body[ "scroll" + name ], doc[ "scroll" + name ],\r\n
vuser_end.c(29):     \t\t\t\t\t\telem.body[ "offset" + name ], doc[ "offset" + name ],\r\n
vuser_end.c(29):     \t\t\t\t\t\tdoc[ "client" + name ]\r\n
vuser_end.c(29):     \t\t\t\t\t);\r\n
vuser_end.c(29):     \t\t\t\t}\r\n
vuser_end.c(29):     \r\n
vuser_end.c(29):     \t\t\t\treturn value === undefined ?\r\n
vuser_end.c(29):     \r\n
vuser_end.c(29):     \t\t\t\t\t// Get width or height on the element, requesting but not forcing parseFloat\r\n
vuser_end.c(29):     \t\t\t\t\tjQuery.css( elem, type, extra ) :\r\n
vuser_end.c(29):     \r\n
vuser_end.c(29):     \t\t\t\t\t// Set width or height on the element\r\n
vuser_end.c(29):     \t\t\t\t\tjQuery.style( elem, type, value, extra );\r\n
vuser_end.c(29):     \t\t\t}, type, chainable ? margin : undefined, chainable );\r\n
vuser_end.c(29):     \t\t};\r\n
vuser_end.c(29):     \t} );\r\n
vuser_end.c(29):     } );\r\n
vuser_end.c(29):     \r\n
vuser_end.c(29):     \r\n
vuser_end.c(29):     jQuery.each( [\r\n
vuser_end.c(29):     \t"ajaxStart",\r\n
vuser_end.c(29):     \t"ajaxStop",\r\n
vuser_end.c(29):     \t"ajaxComplete",\r\n
vuser_end.c(29):     \t"ajaxError",\r\n
vuser_end.c(29):     \t"ajaxSuccess",\r\n
vuser_end.c(29):     \t"ajaxSend"\r\n
vuser_end.c(29):     ], function( _i, type ) {\r\n
vuser_end.c(29):     \tjQuery.fn[ type ] = function( fn ) {\r\n
vuser_end.c(29):     \t\treturn this.on( type, fn );\r\n
vuser_end.c(29):     \t};\r\n
vuser_end.c(29):     } );\r\n
vuser_end.c(29):     \r\n
vuser_end.c(29):     \r\n
vuser_end.c(29):     \r\n
vuser_end.c(29):     \r\n
vuser_end.c(29):     jQuery.fn.extend( {\r\n
vuser_end.c(29):     \r\n
vuser_end.c(29):     \tbind: function( types, data, fn ) {\r\n
vuser_end.c(29):     \t\treturn this.on( types, null, data, fn );\r\n
vuser_end.c(29):     \t},\r\n
vuser_end.c(29):     \tunbind: function( types, fn ) {\r\n
vuser_end.c(29):     \t\treturn this.off( types, null, fn );\r\n
vuser_end.c(29):     \t},\r\n
vuser_end.c(29):     \r\n
vuser_end.c(29):     \tdelegate: function( selector, types, data, fn ) {\r\n
vuser_end.c(29):     \t\treturn this.on( types, selector, data, fn );\r\n
vuser_end.c(29):     \t},\r\n
vuser_end.c(29):     \tundelegate: function( selector, types, fn ) {\r\n
vuser_end.c(29):     \r\n
vuser_end.c(29):     \t\t// ( namespace ) or ( selector, types [, fn] )\r\n
vuser_end.c(29):     \t\treturn arguments.length === 1 ?\r\n
vuser_end.c(29):     \t\t\tthis.off( selector, "**" ) :\r\n
vuser_end.c(29):     \t\t\tthis.off( types, selector || "**", fn );\r\n
vuser_end.c(29):     \t},\r\n
vuser_end.c(29):     \r\n
vuser_end.c(29):     \thover: function( fnOver, fnOut ) {\r\n
vuser_end.c(29):     \t\treturn this.mouseenter( fnOver ).mouseleave( fnOut || fnOver );\r\n
vuser_end.c(29):     \t}\r\n
vuser_end.c(29):     } );\r\n
vuser_end.c(29):     \r\n
vuser_end.c(29):     jQuery.each( ( "blur focus focusin focusout resize scroll click dblclick " +\r\n
vuser_end.c(29):     \t"mousedown mouseup mousemove mouseover mouseout mouseenter mouseleave " +\r\n
vuser_end.c(29):     \t"change select submit keydown keypress keyup contextmenu" ).split( " " ),\r\n
vuser_end.c(29):     \tfunction( _i, name ) {\r\n
vuser_end.c(29):     \r\n
vuser_end.c(29):     \t\t// Handle event binding\r\n
vuser_end.c(29):     \t\tjQuery.fn[ name ] = function( data, fn ) {\r\n
vuser_end.c(29):     \t\t\treturn arguments.length > 0 ?\r\n
vuser_end.c(29):     \t\t\t\tthis.on( name, null, data, fn ) :\r\n
vuser_end.c(29):     \t\t\t\tthis.trigger( name );\r\n
vuser_end.c(29):     \t\t};\r\n
vuser_end.c(29):     \t} );\r\n
vuser_end.c(29):     \r\n
vuser_end.c(29):     \r\n
vuser_end.c(29):     \r\n
vuser_end.c(29):     \r\n
vuser_end.c(29):     // Support: Android <=4.0 only\r\n
vuser_end.c(29):     // Make sure we trim BOM and NBSP\r\n
vuser_end.c(29):     var rtrim = /^[\\s\\uFEFF\\xA0]+|[\\s\\uFEFF\\xA0]+$/g;\r\n
vuser_end.c(29):     \r\n
vuser_end.c(29):     // Bind a function to a context, optionally partially applying any\r\n
vuser_end.c(29):     // arguments.\r\n
vuser_end.c(29):     // jQuery.proxy is deprecated to promote standards (specifically Function#bind)\r\n
vuser_end.c(29):     // However, it is not slated for removal any time soon\r\n
vuser_end.c(29):     jQuery.proxy = function( fn, context ) {\r\n
vuser_end.c(29):     \tvar tmp, args, proxy;\r\n
vuser_end.c(29):     \r\n
vuser_end.c(29):     \tif ( typeof context === "string" ) {\r\n
vuser_end.c(29):     \t\ttmp = fn[ context ];\r\n
vuser_end.c(29):     \t\tcontext = fn;\r\n
vuser_end.c(29):     \t\tfn = tmp;\r\n
vuser_end.c(29):     \t}\r\n
vuser_end.c(29):     \r\n
vuser_end.c(29):     \t// Quick check to determine if target is callable, in the spec\r\n
vuser_end.c(29):     \t// this throws a TypeError, but we will just return undefined.\r\n
vuser_end.c(29):     \tif ( !isFunction( fn ) ) {\r\n
vuser_end.c(29):     \t\treturn undefined;\r\n
vuser_end.c(29):     \t}\r\n
vuser_end.c(29):     \r\n
vuser_end.c(29):     \t// Simulated bind\r\n
vuser_end.c(29):     \targs = slice.call( arguments, 2 );\r\n
vuser_end.c(29):     \tproxy = function() {\r\n
vuser_end.c(29):     \t\treturn fn.apply( context || this, args.concat( slice.call( arguments ) ) );\r\n
vuser_end.c(29):     \t};\r\n
vuser_end.c(29):     \r\n
vuser_end.c(29):     \t// Set the guid of unique handler to the same of original handler, so it can be removed\r
vuser_end.c(29):     \n
vuser_end.c(29):     \tproxy.guid = fn.guid = fn.guid || jQuery.guid++;\r\n
vuser_end.c(29):     \r\n
vuser_end.c(29):     \treturn proxy;\r\n
vuser_end.c(29):     };\r\n
vuser_end.c(29):     \r\n
vuser_end.c(29):     jQuery.holdReady = function( hold ) {\r\n
vuser_end.c(29):     \tif ( hold ) {\r\n
vuser_end.c(29):     \t\tjQuery.readyWait++;\r\n
vuser_end.c(29):     \t} else {\r\n
vuser_end.c(29):     \t\tjQuery.ready( true );\r\n
vuser_end.c(29):     \t}\r\n
vuser_end.c(29):     };\r\n
vuser_end.c(29):     jQuery.isArray = Array.isArray;\r\n
vuser_end.c(29):     jQuery.parseJSON = JSON.parse;\r\n
vuser_end.c(29):     jQuery.nodeName = nodeName;\r\n
vuser_end.c(29):     jQuery.isFunction = isFunction;\r\n
vuser_end.c(29):     jQuery.isWindow = isWindow;\r\n
vuser_end.c(29):     jQuery.camelCase = camelCase;\r\n
vuser_end.c(29):     jQuery.type = toType;\r\n
vuser_end.c(29):     \r\n
vuser_end.c(29):     jQuery.now = Date.now;\r\n
vuser_end.c(29):     \r\n
vuser_end.c(29):     jQuery.isNumeric = function( obj ) {\r\n
vuser_end.c(29):     \r\n
vuser_end.c(29):     \t// As of jQuery 3.0, isNumeric is limited to\r\n
vuser_end.c(29):     \t// strings and numbers (primitives or objects)\r\n
vuser_end.c(29):     \t// that can be coerced to finite numbers (gh-2662)\r\n
vuser_end.c(29):     \tvar type = jQuery.type( obj );\r\n
vuser_end.c(29):     \treturn ( type === "number" || type === "string" ) &&\r\n
vuser_end.c(29):     \r\n
vuser_end.c(29):     \t\t// parseFloat NaNs numeric-cast false positives ("")\r\n
vuser_end.c(29):     \t\t// ...but misinterprets leading-number strings, particularly hex literals ("0x...")\r\n
vuser_end.c(29):     \t\t// subtraction forces infinities to NaN\r\n
vuser_end.c(29):     \t\t!isNaN( obj - parseFloat( obj ) );\r\n
vuser_end.c(29):     };\r\n
vuser_end.c(29):     \r\n
vuser_end.c(29):     jQuery.trim = function( text ) {\r\n
vuser_end.c(29):     \treturn text == null ?\r\n
vuser_end.c(29):     \t\t"" :\r\n
vuser_end.c(29):     \t\t( text + "" ).replace( rtrim, "" );\r\n
vuser_end.c(29):     };\r\n
vuser_end.c(29):     \r\n
vuser_end.c(29):     \r\n
vuser_end.c(29):     \r\n
vuser_end.c(29):     // Register as a named AMD module, since jQuery can be concatenated with other\r\n
vuser_end.c(29):     // files that may use define, but not via a proper concatenation script that\r\n
vuser_end.c(29):     // understands anonymous AMD modules. A named AMD is safest and most robust\r\n
vuser_end.c(29):     // way to register. Lowercase jquery is used because AMD module names are\r\n
vuser_end.c(29):     // derived from file names, and jQuery is normally delivered in a lowercase\r\n
vuser_end.c(29):     // file name. Do this after creating the global so that if an AMD module wants\r\n
vuser_end.c(29):     // to call noConflict to hide this version of jQuery, it will work.\r\n
vuser_end.c(29):     \r\n
vuser_end.c(29):     // Note that for maximum portability, libraries that are not jQuery should\r\n
vuser_end.c(29):     // declare themselves as anonymous modules, and avoid setting a global if an\r\n
vuser_end.c(29):     // AMD loader is present. jQuery is a special case. For more information, see\r\n
vuser_end.c(29):     // https://github.com/jrburke/requirejs/wiki/Updating-existing-libraries#wiki-anon\r\n
vuser_end.c(29):     \r\n
vuser_end.c(29):     if ( typeof define === "function" && define.amd ) {\r\n
vuser_end.c(29):     \tdefine( "jquery", [], function() {\r\n
vuser_end.c(29):     \t\treturn jQuery;\r\n
vuser_end.c(29):     \t} );\r\n
vuser_end.c(29):     }\r\n
vuser_end.c(29):     \r\n
vuser_end.c(29):     \r\n
vuser_end.c(29):     \r\n
vuser_end.c(29):     \r\n
vuser_end.c(29):     var\r\n
vuser_end.c(29):     \r\n
vuser_end.c(29):     \t// Map over jQuery in case of overwrite\r\n
vuser_end.c(29):     \t_jQuery = window.jQuery,\r\n
vuser_end.c(29):     \r\n
vuser_end.c(29):     \t// Map over the $ in case of overwrite\r\n
vuser_end.c(29):     \t_$ = window.$;\r\n
vuser_end.c(29):     \r\n
vuser_end.c(29):     jQuery.noConflict = function( deep ) {\r\n
vuser_end.c(29):     \tif ( window.$ === jQuery ) {\r\n
vuser_end.c(29):     \t\twindow.$ = _$;\r\n
vuser_end.c(29):     \t}\r\n
vuser_end.c(29):     \r\n
vuser_end.c(29):     \tif ( deep && window.jQuery === jQuery ) {\r\n
vuser_end.c(29):     \t\twindow.jQuery = _jQuery;\r\n
vuser_end.c(29):     \t}\r\n
vuser_end.c(29):     \r\n
vuser_end.c(29):     \treturn jQuery;\r\n
vuser_end.c(29):     };\r\n
vuser_end.c(29):     \r\n
vuser_end.c(29):     // Expose jQuery and $ identifiers, even in AMD\r\n
vuser_end.c(29):     // (#7102#comment:10, https://github.com/jquery/jquery/pull/557)\r\n
vuser_end.c(29):     // and CommonJS for browser emulators (#13566)\r\n
vuser_end.c(29):     if ( typeof noGlobal === "undefined" ) {\r\n
vuser_end.c(29):     \twindow.jQuery = window.$ = jQuery;\r\n
vuser_end.c(29):     }\r\n
vuser_end.c(29):     \r\n
vuser_end.c(29):     \r\n
vuser_end.c(29):     \r\n
vuser_end.c(29):     \r\n
vuser_end.c(29):     return jQuery;\r\n
vuser_end.c(29):     } );\r\n
vuser_end.c(29): t=160185ms: 5-byte chunked response overhead for "https://themis.test.xplat.fpt.com.vn/assets/js/jquery-v3.5.1.js" (RelFrameId=, Internal ID=56)
vuser_end.c(29):     \r\n
vuser_end.c(29):     A\r\n
vuser_end.c(29): t=160186ms: 7-byte chunked response overhead for "https://themis.test.xplat.fpt.com.vn/assets/js/jquery-v3.5.1.js" (RelFrameId=, Internal ID=56)
vuser_end.c(29):     \r\n
vuser_end.c(29):     0\r\n
vuser_end.c(29):     \r\n
vuser_end.c(29): t=160186ms: 10-byte ENCODED response body received for "https://themis.test.xplat.fpt.com.vn/assets/js/jquery-v3.5.1.js" (RelFrameId=, Internal ID=56)
vuser_end.c(29): t=160186ms: 146-byte response headers for "https://themis.test.xplat.fpt.com.vn/assets/js/user.js" (RelFrameId=, Internal ID=57)
vuser_end.c(29):     HTTP/1.1 200 OK\r\n
vuser_end.c(29):     Date: Tue, 04 May 2021 04:55:40 GMT\r\n
vuser_end.c(29):     Content-Type: application/javascript\r\n
vuser_end.c(29):     Content-Encoding: gzip\r\n
vuser_end.c(29):     Transfer-Encoding: chunked\r\n
vuser_end.c(29):     \r\n
vuser_end.c(29): t=160186ms: 5-byte chunked response overhead for "https://themis.test.xplat.fpt.com.vn/assets/js/user.js" (RelFrameId=, Internal ID=57)
vuser_end.c(29):     298\r\n
vuser_end.c(29): t=160186ms: 664-byte ENCODED response body received for "https://themis.test.xplat.fpt.com.vn/assets/js/user.js" (RelFrameId=, Internal ID=57)
vuser_end.c(29): t=160186ms: 1670-byte DECODED response body for "https://themis.test.xplat.fpt.com.vn/assets/js/user.js" (RelFrameId=, Internal ID=57)
vuser_end.c(29):     \n
vuser_end.c(29):     /* global contextPath */\n
vuser_end.c(29):     \n
vuser_end.c(29):     $(document).ready(function () {\n
vuser_end.c(29):     //    $(".menu-vertical").attr("style", "display:none");\n
vuser_end.c(29):         $("#btnDangNhap").click(function () {\n
vuser_end.c(29):             dangNhap();\n
vuser_end.c(29):         });\n
vuser_end.c(29):     \n
vuser_end.c(29):         $("#btnChangePassword").click(function () {\n
vuser_end.c(29):             changePassword();\n
vuser_end.c(29):         });\n
vuser_end.c(29):     \n
vuser_end.c(29):         $("#username").on('keypress', function (e) {\n
vuser_end.c(29):             if (e.which === 13) {\n
vuser_end.c(29):                 $("#btnDangNhap").click();\n
vuser_end.c(29):             }\n
vuser_end.c(29):         });\n
vuser_end.c(29):         $("#password").on('keypress', function (e) {\n
vuser_end.c(29):             if (e.which === 13) {\n
vuser_end.c(29):                 $("#btnDangNhap").click();\n
vuser_end.c(29):             }\n
vuser_end.c(29):         });\n
vuser_end.c(29):     });\n
vuser_end.c(29):     \n
vuser_end.c(29):     function requestLogin() {\n
vuser_end.c(29):        fptURL = $("#fptURL").val();\n
vuser_end.c(29):        window.location.href = fptURL;\n
vuser_end.c(29):     }\n
vuser_end.c(29):     \n
vuser_end.c(29):     function changePassword() {\n
vuser_end.c(29):         var objectLogin = {\n
vuser_end.c(29):             oldPassword: $("#oldPassword").val(),\n
vuser_end.c(29):             newPassword: $("#newPassword").val(),\n
vuser_end.c(29):             confirmPassword: $("#confirmPassword").val()\n
vuser_end.c(29):         };\n
vuser_end.c(29):         $("#error_summary").html('');\n
vuser_end.c(29):         $.ajax({\n
vuser_end.c(29):             type: "post",\n
vuser_end.c(29):             url: contextPath + '/doi-mat-khau',\n
vuser_end.c(29):             contentType: "application/json",\n
vuser_end.c(29):             dataType: "json",\n
vuser_end.c(29):             data: JSON.stringify(objectLogin),\n
vuser_end.c(29):             success: function (response) {\n
vuser_end.c(29):                 if (response.error_code === "SUCCESSFUL") {\n
vuser_end.c(29):                     swal({\n
vuser_end.c(29):                         title: 'Th\xC3\xB4ng b\xC3\xA1o',\n
vuser_end.c(29):                         text: '\xC4\x90\xE1\xBB\x95i m\xE1\xBA\xADt kh\xE1\xBA\xA9u th\xC3\xA0
vuser_end.c(29):     nh c\xC3\xB4ng',\n
vuser_end.c(29):                         icon: 'success'\n
vuser_end.c(29):                     });\n
vuser_end.c(29):                     setTimeout(function () {\n
vuser_end.c(29):                         location.href = contextPath + '/login';\n
vuser_end.c(29):                     }, 3000);\n
vuser_end.c(29):                 } else {\n
vuser_end.c(29):                     $("#error_summary").html('\xC4\x90\xE1\xBB\x95i m\xE1\xBA\xADt kh\xE1\xBA\xA9
vuser_end.c(29):     u kh\xC3\xB4ng th\xC3\xA0nh c\xC3\xB4ng. vui l\xC3\xB2ng ki\xE1\xBB\x83m tra l\xE1\xBA\xA1
vuser_end.c(29):     i th\xC3\xB4ng tin t\xC3\xA0i kho\xE1\xBA\xA3n');\n
vuser_end.c(29):                 }\n
vuser_end.c(29):             }\n
vuser_end.c(29):         });\n
vuser_end.c(29):     }\n
vuser_end.c(29):     \n
vuser_end.c(29):     \n
vuser_end.c(29):     \n
vuser_end.c(29):     \n
vuser_end.c(29): t=160187ms: 5-byte chunked response overhead for "https://themis.test.xplat.fpt.com.vn/assets/js/user.js" (RelFrameId=, Internal ID=57)
vuser_end.c(29):     \r\n
vuser_end.c(29):     A\r\n
vuser_end.c(29): t=160187ms: 7-byte chunked response overhead for "https://themis.test.xplat.fpt.com.vn/assets/js/user.js" (RelFrameId=, Internal ID=57)
vuser_end.c(29):     \r\n
vuser_end.c(29):     0\r\n
vuser_end.c(29):     \r\n
vuser_end.c(29): t=160187ms: 10-byte ENCODED response body received for "https://themis.test.xplat.fpt.com.vn/assets/js/user.js" (RelFrameId=, Internal ID=57)
vuser_end.c(29): t=160216ms: 133-byte response headers for "https://themis.test.xplat.fpt.com.vn/assets/new/image/loginIcon.png" (RelFrameId=, Internal ID=59)
vuser_end.c(29):     HTTP/1.1 200 OK\r\n
vuser_end.c(29):     Date: Tue, 04 May 2021 04:55:40 GMT\r\n
vuser_end.c(29):     Content-Type: image/png\r\n
vuser_end.c(29):     Content-Encoding: gzip\r\n
vuser_end.c(29):     Transfer-Encoding: chunked\r\n
vuser_end.c(29):     \r\n
vuser_end.c(29): t=160216ms: 6-byte chunked response overhead for "https://themis.test.xplat.fpt.com.vn/assets/new/image/loginIcon.png" (RelFrameId=, Internal ID=59)
vuser_end.c(29): t=160216ms: 12148-byte ENCODED response body received for "https://themis.test.xplat.fpt.com.vn/assets/new/image/loginIcon.png" (RelFrameId=, Internal ID=59)
vuser_end.c(29): t=160216ms: 12288-byte DECODED response body for "https://themis.test.xplat.fpt.com.vn/assets/new/image/loginIcon.png" (RelFrameId=, Internal ID=59)
vuser_end.c(29): t=160216ms: 316-byte DECODED response body for "https://themis.test.xplat.fpt.com.vn/assets/new/image/loginIcon.png" (RelFrameId=, Internal ID=59)
vuser_end.c(29): t=160216ms: 1693-byte ENCODED response body received for "https://themis.test.xplat.fpt.com.vn/assets/new/image/loginIcon.png" (RelFrameId=, Internal ID=59)
vuser_end.c(29): t=160216ms: 1694-byte DECODED response body for "https://themis.test.xplat.fpt.com.vn/assets/new/image/loginIcon.png" (RelFrameId=, Internal ID=59)
vuser_end.c(29): t=160217ms: 133-byte response headers for "https://themis.test.xplat.fpt.com.vn/assets/new/image/topBannerFptLogo.png" (RelFrameId=, Internal ID=58)
vuser_end.c(29):     HTTP/1.1 200 OK\r\n
vuser_end.c(29):     Date: Tue, 04 May 2021 04:55:40 GMT\r\n
vuser_end.c(29):     Content-Type: image/png\r\n
vuser_end.c(29):     Content-Encoding: gzip\r\n
vuser_end.c(29):     Transfer-Encoding: chunked\r\n
vuser_end.c(29):     \r\n
vuser_end.c(29): t=160217ms: 6-byte chunked response overhead for "https://themis.test.xplat.fpt.com.vn/assets/new/image/topBannerFptLogo.png" (RelFrameId=, Internal ID=58)
vuser_end.c(29): t=160217ms: 5453-byte ENCODED response body received for "https://themis.test.xplat.fpt.com.vn/assets/new/image/topBannerFptLogo.png" (RelFrameId=, Internal ID=58)
vuser_end.c(29): t=160217ms: 5735-byte DECODED response body for "https://themis.test.xplat.fpt.com.vn/assets/new/image/topBannerFptLogo.png" (RelFrameId=, Internal ID=58)
vuser_end.c(29): t=160217ms: 8388-byte ENCODED response body received for "https://themis.test.xplat.fpt.com.vn/assets/new/image/topBannerFptLogo.png" (RelFrameId=, Internal ID=58)
vuser_end.c(29): t=160217ms: 8416-byte DECODED response body for "https://themis.test.xplat.fpt.com.vn/assets/new/image/topBannerFptLogo.png" (RelFrameId=, Internal ID=58)
vuser_end.c(29): t=160241ms: 5592-byte ENCODED response body received for "https://themis.test.xplat.fpt.com.vn/assets/new/image/topBannerFptLogo.png" (RelFrameId=, Internal ID=58)
vuser_end.c(29): t=160241ms: 5539-byte DECODED response body for "https://themis.test.xplat.fpt.com.vn/assets/new/image/topBannerFptLogo.png" (RelFrameId=, Internal ID=58)
vuser_end.c(29): t=160241ms: 4194-byte ENCODED response body received for "https://themis.test.xplat.fpt.com.vn/assets/new/image/topBannerFptLogo.png" (RelFrameId=, Internal ID=58)
vuser_end.c(29): t=160241ms: 4225-byte DECODED response body for "https://themis.test.xplat.fpt.com.vn/assets/new/image/topBannerFptLogo.png" (RelFrameId=, Internal ID=58)
vuser_end.c(29): t=160242ms: 7-byte chunked response overhead for "https://themis.test.xplat.fpt.com.vn/assets/new/image/topBannerFptLogo.png" (RelFrameId=, Internal ID=58)
vuser_end.c(29): t=160242ms: 8-byte chunked response overhead for "https://themis.test.xplat.fpt.com.vn/assets/new/image/topBannerFptLogo.png" (RelFrameId=, Internal ID=58)
vuser_end.c(29): t=160242ms: 12272-byte ENCODED response body received for "https://themis.test.xplat.fpt.com.vn/assets/new/image/topBannerFptLogo.png" (RelFrameId=, Internal ID=58)
vuser_end.c(29): t=160242ms: 12233-byte DECODED response body for "https://themis.test.xplat.fpt.com.vn/assets/new/image/topBannerFptLogo.png" (RelFrameId=, Internal ID=58)
vuser_end.c(29): t=160242ms: 4097-byte ENCODED response body received for "https://themis.test.xplat.fpt.com.vn/assets/new/image/topBannerFptLogo.png" (RelFrameId=, Internal ID=58)
vuser_end.c(29): t=160242ms: 4124-byte DECODED response body for "https://themis.test.xplat.fpt.com.vn/assets/new/image/topBannerFptLogo.png" (RelFrameId=, Internal ID=58)
vuser_end.c(29): t=160242ms: 5-byte chunked response overhead for "https://themis.test.xplat.fpt.com.vn/assets/new/image/topBannerFptLogo.png" (RelFrameId=, Internal ID=58)
vuser_end.c(29): t=160242ms: 7-byte chunked response overhead for "https://themis.test.xplat.fpt.com.vn/assets/new/image/topBannerFptLogo.png" (RelFrameId=, Internal ID=58)
vuser_end.c(29): t=160242ms: 1144-byte ENCODED response body received for "https://themis.test.xplat.fpt.com.vn/assets/new/image/topBannerFptLogo.png" (RelFrameId=, Internal ID=58)
vuser_end.c(29): t=160242ms: 1273-byte DECODED response body for "https://themis.test.xplat.fpt.com.vn/assets/new/image/topBannerFptLogo.png" (RelFrameId=, Internal ID=58)
vuser_end.c(29): t=160242ms: 5-byte chunked response overhead for "https://themis.test.xplat.fpt.com.vn/assets/new/image/loginIcon.png" (RelFrameId=, Internal ID=59)
vuser_end.c(29): t=160242ms: 7-byte chunked response overhead for "https://themis.test.xplat.fpt.com.vn/assets/new/image/loginIcon.png" (RelFrameId=, Internal ID=59)
vuser_end.c(29): t=160242ms: 3081-byte ENCODED response body received for "https://themis.test.xplat.fpt.com.vn/assets/new/image/loginIcon.png" (RelFrameId=, Internal ID=59)
vuser_end.c(29): t=160242ms: 3119-byte DECODED response body for "https://themis.test.xplat.fpt.com.vn/assets/new/image/loginIcon.png" (RelFrameId=, Internal ID=59)
vuser_end.c(29): web_url("dang-xuat") was successful, 146241 body bytes, 864 header bytes, 127 chunking overhead bytes  	[MsgId: MMSG-26385]
Ending action vuser_end.	[MsgId: MMSG-15918]
Vuser Terminated.	[MsgId: MMSG-15963]
Vuser 49 (thread 28272), ended OK."	[MsgId: MMSG-10695]
