vuser_end.c(29): t=64793ms: 1670-byte DECODED response body for "https://themis.test.xplat.fpt.com.vn/assets/js/user.js" (RelFrameId=, Internal ID=57)
vuser_end.c(29):     \t\tjQuery.readyWait++;\r\n
vuser_end.c(29):     \t} else {\r\n
vuser_end.c(29):     \t\tjQuery.ready( true );\r\n
vuser_end.c(29):     \t}\r\n
vuser_end.c(29):     };\r\n
vuser_end.c(29):     jQuery.isArray = Array.isArray;\r\n
vuser_end.c(29):     jQuery.parseJSON = JSON.parse;\r\n
vuser_end.c(29):     \n
vuser_end.c(29):     jQuery.nodeName = nodeName;\r\n
vuser_end.c(29):     /* global contextPath */\n
vuser_end.c(29):     jQuery.isFunction = isFunction;\r\n
vuser_end.c(29):     \n
vuser_end.c(29):     jQuery.isWindow = isWindow;\r\n
vuser_end.c(29):     $(document).ready(function () {\n
vuser_end.c(29):     jQuery.camelCase = camelCase;\r\n
vuser_end.c(29):     //    $(".menu-vertical").attr("style", "display:none");\n
vuser_end.c(29):     jQuery.type = toType;\r\n
vuser_end.c(29):         $("#btnDangNhap").click(function () {\n
vuser_end.c(29):     \r\n
vuser_end.c(29):             dangNhap();\n
vuser_end.c(29):         });\n
vuser_end.c(29):     \n
vuser_end.c(29):     jQuery.now = Date.now;\r\n
vuser_end.c(29):         $("#btnChangePassword").click(function () {\n
vuser_end.c(29):     \r\n
vuser_end.c(29):             changePassword();\n
vuser_end.c(29):     jQuery.isNumeric = function( obj ) {\r\n
vuser_end.c(29):         });\n
vuser_end.c(29):     \n
vuser_end.c(29):     \r\n
vuser_end.c(29):     \t// As of jQuery 3.0, isNumeric is limited to\r\n
vuser_end.c(29):     \t// strings and numbers (primitives or objects)\r\n
vuser_end.c(29):     \t// that can be coerced to finite numbers (gh-2662)\r\n
vuser_end.c(29):     \tvar type = jQuery.type( obj );\r\n
vuser_end.c(29):     \treturn ( type === "number" || type === "string" ) &&\r\n
vuser_end.c(29):     \r\n
vuser_end.c(29):     \t\t// parseFloat NaNs numeric-cast false positives ("")\r\n
vuser_end.c(29):         $("#username").on('keypress', function (e) {\n
vuser_end.c(29):     \t\t// ...but misinterprets leading-number strings, particularly hex literals ("0x...")\r\n
vuser_end.c(29):             if (e.which === 13) {\n
vuser_end.c(29):     \t\t// subtraction forces infinities to NaN\r\n
vuser_end.c(29):                 $("#btnDangNhap").click();\n
vuser_end.c(29):     \t\t!isNaN( obj - parseFloat( obj ) );\r\n
vuser_end.c(29):             }\n
vuser_end.c(29):     };\r\n
vuser_end.c(29):         });\n
vuser_end.c(29):     \r\n
vuser_end.c(29):         $("#password").on('keypress', function (e) {\n
vuser_end.c(29):     jQuery.trim = function( text ) {\r\n
vuser_end.c(29):             if (e.which === 13) {\n
vuser_end.c(29):     \treturn text == null ?\r\n
vuser_end.c(29):                 $("#btnDangNhap").click();\n
vuser_end.c(29):     \t\t"" :\r\n
vuser_end.c(29):             }\n
vuser_end.c(29):         });\n
vuser_end.c(29):     \t\t( text + "" ).replace( rtrim, "" );\r\n
vuser_end.c(29):     });\n
vuser_end.c(29):     };\r\n
vuser_end.c(29):     \n
vuser_end.c(29):     \r\n
vuser_end.c(29):     function requestLogin() {\n
vuser_end.c(29):     \r\n
vuser_end.c(29):        fptURL = $("#fptURL").val();\n
vuser_end.c(29):     \r\n
vuser_end.c(29):        window.location.href = fptURL;\n
vuser_end.c(29):     // Register as a named AMD module, since jQuery can be concatenated with other\r\n
vuser_end.c(29):     }\n
vuser_end.c(29):     // files that may use define, but not via a proper concatenation script that\r\n
vuser_end.c(29):     \n
vuser_end.c(29):     // understands anonymous AMD modules. A named AMD is safest and most robust\r\n
vuser_end.c(29):     function changePassword() {\n
vuser_end.c(29):     // way to register. Lowercase jquery is used because AMD module names are\r\n
vuser_end.c(29):         var objectLogin = {\n
vuser_end.c(29):     // derived from file names, and jQuery is normally delivered in a lowercase\r\n
vuser_end.c(29):             oldPassword: $("#oldPassword").val(),\n
vuser_end.c(29):     // fi
vuser_end.c(29):             newPassword: $("#newPassword").val(),\n
vuser_end.c(29):             confirmPassword: $("#confirmPassword").val()\n
vuser_end.c(29): t=64801ms: 1200-byte DECODED response body for "https://themis.test.xplat.fpt.com.vn/assets/js/jquery-v3.5.1.js" (RelFrameId=, Internal ID=56)
vuser_end.c(29):         };\n
vuser_end.c(29):         $("#error_summary").html('');\n
vuser_end.c(29):         $.ajax({\n
vuser_end.c(29):     le name. Do this after creating the global so that if an AMD module wants\r\n
vuser_end.c(29):             type: "post",\n
vuser_end.c(29):     // to call noConflict to hide this version of jQuery, it will work.\r\n
vuser_end.c(29):             url: contextPath + '/doi-mat-khau',\n
vuser_end.c(29):     \r\n
vuser_end.c(29):             contentType: "application/json",\n
vuser_end.c(29):     // Note that for maximum portability, libraries that are not jQuery should\r\n
vuser_end.c(29):             dataType: "json",\n
vuser_end.c(29):     // declare themselves as anonymous modules, and avoid setting a global if an\r\n
vuser_end.c(29):     // AMD loader is present. jQuery is a special case. For more information, see\r\n
vuser_end.c(29):     // https://github.com/jrburke/requirejs/wiki/Updating-existing-libraries#wiki-anon\r\n
vuser_end.c(29):     \r\n
vuser_end.c(29):     if ( typeof define === "function" && define.amd ) {\r\n
vuser_end.c(29):             data: JSON.stringify(objectLogin),\n
vuser_end.c(29):     \tdefine( "jquery", [], function() {\r\n
vuser_end.c(29):             success: function (response) {\n
vuser_end.c(29):                 if (response.error_code === "SUCCESSFUL") {\n
vuser_end.c(29):                     swal({\n
vuser_end.c(29):                         title: 'Th\xC3\xB4ng b\xC3\xA1o',\n
vuser_end.c(29):                         text: '\xC4\x90\xE1\xBB\x95i m\xE1\xBA\xADt kh\xE1\xBA\xA9u th\xC3\xA0
vuser_end.c(29):     nh c\xC3\xB4ng',\n
vuser_end.c(29):                         icon: 'success'\n
vuser_end.c(29):     \t\treturn jQuery;\r\n
vuser_end.c(29):                     });\n
vuser_end.c(29):     \t} );\r\n
vuser_end.c(29):                     setTimeout(function () {\n
vuser_end.c(29):     }\r\n
vuser_end.c(29):                         location.href = contextPath + '/login';\n
vuser_end.c(29):     \r\n
vuser_end.c(29):                     }, 3000);\n
vuser_end.c(29):     \r\n
vuser_end.c(29):                 } else {\n
vuser_end.c(29):     \r\n
vuser_end.c(29):                     $("#error_summary").html('\xC4\x90\xE1\xBB\x95i m\xE1\xBA\xADt kh\xE1\xBA\xA9
vuser_end.c(29):     \r\n
vuser_end.c(29):     u kh\xC3\xB4ng th\xC3\xA0nh c\xC3\xB4ng. vui l\xC3\xB2ng ki\xE1\xBB\x83m tra l\xE1\xBA\xA1
vuser_end.c(29):     var\r\n
vuser_end.c(29):     i th\xC3\xB4ng tin t\xC3\xA0i kho\xE1\xBA\xA3n');\n
vuser_end.c(29):     \r\n
vuser_end.c(29):                 }\n
vuser_end.c(29):     \t// Map over jQuery in case of overwrite\r\n
vuser_end.c(29):             }\n
vuser_end.c(29):     \t_jQuery = window.jQuery,\r\n
vuser_end.c(29):         });\n
vuser_end.c(29):     \r\n
vuser_end.c(29):     }\n
vuser_end.c(29):     \t// Map over the $ in case of overwrite\r\n
vuser_end.c(29):     \n
vuser_end.c(29):     \t_$ = window.$;\r\n
vuser_end.c(29):     \n
vuser_end.c(29):     \r\n
vuser_end.c(29):     \n
vuser_end.c(29):     jQuery.noConflict = function( deep ) {\r\n
vuser_end.c(29):     \n
vuser_end.c(29):     \tif ( window.$ === jQuery ) {\r\n
vuser_end.c(29):     \t\twindow.$ = _$;\r\n
vuser_end.c(29):     \t}\r\n
vuser_end.c(29):     \r\n
vuser_end.c(29):     \tif ( deep && window.jQuery === jQuery ) {\r\n
vuser_end.c(29):     \t\twindow.jQuery = _jQuery;\r\n
vuser_end.c(29):     \t}\r\n
vuser_end.c(29):     \r\n
vuser_end.c(29):     \treturn jQuery;\r\n
vuser_end.c(29):     };\r\n
vuser_end.c(29):     \r\n
vuser_end.c(29):     // Expose jQuery and $ identifiers, even in AMD\r\n
vuser_end.c(29): t=64803ms: 12287-byte ENCODED response body received for "https://themis.test.xplat.fpt.com.vn/assets/new/image/topBannerFptLogo.png" (RelFrameId=, Internal ID=58)
vuser_end.c(29):     // (#7102#comment:10, https://github.com/jquery/jquery/pull/557)\r\n
vuser_end.c(29):     // and CommonJS for browser emulators (#13566)\r\n
vuser_end.c(29):     if ( typeof noGlobal === "undefined" ) {\r\n
vuser_end.c(29):     \twindow.jQuery = window.$ = jQuery;\r\n
vuser_end.c(29):     }\r\n
vuser_end.c(29): t=64803ms: 12271-byte DECODED response body for "https://themis.test.xplat.fpt.com.vn/assets/new/image/topBannerFptLogo.png" (RelFrameId=, Internal ID=58)
vuser_end.c(29):     \r\n
vuser_end.c(29):     \r\n
vuser_end.c(29):     \r\n
vuser_end.c(29): t=64803ms: 4097-byte ENCODED response body received for "https://themis.test.xplat.fpt.com.vn/assets/new/image/topBannerFptLogo.png" (RelFrameId=, Internal ID=58)
vuser_end.c(29):     \r\n
vuser_end.c(29):     return jQuery;\r\n
vuser_end.c(29): t=64804ms: 4116-byte DECODED response body for "https://themis.test.xplat.fpt.com.vn/assets/new/image/topBannerFptLogo.png" (RelFrameId=, Internal ID=58)
vuser_end.c(29):     } );\r\n
vuser_end.c(29): t=64804ms: 7-byte chunked response overhead for "https://themis.test.xplat.fpt.com.vn/assets/new/image/topBannerFptLogo.png" (RelFrameId=, Internal ID=58)
vuser_end.c(29): t=64804ms: 8-byte chunked response overhead for "https://themis.test.xplat.fpt.com.vn/assets/new/image/topBannerFptLogo.png" (RelFrameId=, Internal ID=58)
vuser_end.c(29): t=64804ms: 10163-byte ENCODED response body received for "https://themis.test.xplat.fpt.com.vn/assets/new/image/topBannerFptLogo.png" (RelFrameId=, Internal ID=58)
vuser_end.c(29): t=64804ms: 146-byte response headers for "https://themis.test.xplat.fpt.com.vn/assets/js/user.js" (RelFrameId=, Internal ID=57)
vuser_end.c(29):     HTTP/1.1 200 OK\r\n
vuser_end.c(29):     Date: Tue, 04 May 2021 03:53:43 GMT\r\n
vuser_end.c(29): t=64804ms: 10148-byte DECODED response body for "https://themis.test.xplat.fpt.com.vn/assets/new/image/topBannerFptLogo.png" (RelFrameId=, Internal ID=58)
vuser_end.c(29):     Content-Type: application/javascript\r\n
vuser_end.c(29):     Content-Encoding: gzip\r\n
vuser_end.c(29): t=64804ms: 5-byte chunked response overhead for "https://themis.test.xplat.fpt.com.vn/assets/new/image/topBannerFptLogo.png" (RelFrameId=, Internal ID=58)
vuser_end.c(29):     Transfer-Encoding: chunked\r\n
vuser_end.c(29):     \r\n
vuser_end.c(29): t=64804ms: 5-byte chunked response overhead for "https://themis.test.xplat.fpt.com.vn/assets/js/user.js" (RelFrameId=, Internal ID=57)
vuser_end.c(29): t=64804ms: 7-byte chunked response overhead for "https://themis.test.xplat.fpt.com.vn/assets/new/image/topBannerFptLogo.png" (RelFrameId=, Internal ID=58)
vuser_end.c(29):     298\r\n
vuser_end.c(29): t=64804ms: 752-byte ENCODED response body received for "https://themis.test.xplat.fpt.com.vn/assets/new/image/topBannerFptLogo.png" (RelFrameId=, Internal ID=58)
vuser_end.c(29): t=64804ms: 859-byte DECODED response body for "https://themis.test.xplat.fpt.com.vn/assets/new/image/topBannerFptLogo.png" (RelFrameId=, Internal ID=58)
vuser_end.c(29): t=64805ms: 1398-byte ENCODED response body received for "https://themis.test.xplat.fpt.com.vn/assets/new/image/loginIcon.png" (RelFrameId=, Internal ID=59)
vuser_end.c(29): t=64804ms: 5-byte chunked response overhead for "https://themis.test.xplat.fpt.com.vn/assets/js/user.js" (RelFrameId=, Internal ID=57)
vuser_end.c(29): t=64805ms: 1431-byte DECODED response body for "https://themis.test.xplat.fpt.com.vn/assets/new/image/loginIcon.png" (RelFrameId=, Internal ID=59)
vuser_end.c(29):     \r\n
vuser_end.c(29):     A\r\n
vuser_end.c(29): t=64805ms: 5-byte chunked response overhead for "https://themis.test.xplat.fpt.com.vn/assets/new/image/loginIcon.png" (RelFrameId=, Internal ID=59)
vuser_end.c(29): t=64805ms: 7-byte chunked response overhead for "https://themis.test.xplat.fpt.com.vn/assets/new/image/loginIcon.png" (RelFrameId=, Internal ID=59)
vuser_end.c(29): t=64805ms: 7-byte chunked response overhead for "https://themis.test.xplat.fpt.com.vn/assets/js/user.js" (RelFrameId=, Internal ID=57)
vuser_end.c(29):     \r\n
vuser_end.c(29): t=64805ms: 1683-byte ENCODED response body received for "https://themis.test.xplat.fpt.com.vn/assets/new/image/loginIcon.png" (RelFrameId=, Internal ID=59)
vuser_end.c(29):     0\r\n
vuser_end.c(29):     \r\n
vuser_end.c(29): t=64805ms: 674-byte ENCODED response body received for "https://themis.test.xplat.fpt.com.vn/assets/js/user.js" (RelFrameId=, Internal ID=57)
vuser_end.c(29): t=64805ms: 1688-byte DECODED response body for "https://themis.test.xplat.fpt.com.vn/assets/new/image/loginIcon.png" (RelFrameId=, Internal ID=59)
vuser_end.c(29): t=64805ms: 1670-byte DECODED response body for "https://themis.test.xplat.fpt.com.vn/assets/js/user.js" (RelFrameId=, Internal ID=57)
vuser_end.c(29):     \n
vuser_end.c(29): web_url("dang-xuat") was successful, 146241 body bytes, 864 header bytes, 127 chunking overhead bytes  	[MsgId: MMSG-26385]
Ending action vuser_end.	[MsgId: MMSG-15918]
Vuser Terminated.	[MsgId: MMSG-15963]
vuser_end.c(29):     /* global contextPath */\n
vuser_end.c(29):     \n
vuser_end.c(29):     $(document).ready(function () {\n
vuser_end.c(29):     //    $(".menu-vertical").attr("style", "display:none");\n
vuser_end.c(29):         $("#btnDangNhap").click(function () {\n
vuser_end.c(29):             dangNhap();\n
vuser_end.c(29):         });\n
vuser_end.c(29):     \n
vuser_end.c(29):         $("#btnChangePassword").click(function () {\n
vuser_end.c(29):             changePassword();\n
vuser_end.c(29):         });\n
vuser_end.c(29):     \n
vuser_end.c(29):         $("#username").on('keypress', function (e) {\n
vuser_end.c(29):             if (e.which === 13) {\n
vuser_end.c(29):                 $("#btnDangNhap").click();\n
vuser_end.c(29):             }\n
vuser_end.c(29):         });\n
vuser_end.c(29):         $("#password").on('keypress', function (e) {\n
vuser_end.c(29):             if (e.which === 13) {\n
vuser_end.c(29):                 $("#btnDangNhap").click();\n
vuser_end.c(29):             }\n
vuser_end.c(29):         });\n
vuser_end.c(29):     });\n
vuser_end.c(29):     \n
vuser_end.c(29):     function requestLogin() {\n
vuser_end.c(29):        fptURL = $("#fptURL").val();\n
vuser_end.c(29):        window.location.href = fptURL;\n
vuser_end.c(29):     }\n
vuser_end.c(29):     \n
vuser_end.c(29):     function changePassword() {\n
vuser_end.c(29):         var objectLogin = {\n
vuser_end.c(29):             oldPassword: $("#oldPassword").val(),\n
vuser_end.c(29):             newPassword: $("#newPassword").val(),\n
vuser_end.c(29):             confirmPassword: $("#confirmPassword").val()\n
vuser_end.c(29):         };\n
vuser_end.c(29):         $("#error_summary").html('');\n
vuser_end.c(29):         $.ajax({\n
vuser_end.c(29):             type: "post",\n
vuser_end.c(29):             url: contextPath + '/doi-mat-khau',\n
vuser_end.c(29):             contentType: "application/json",\n
vuser_end.c(29):             dataType: "json",\n
vuser_end.c(29):             data: JSON.stringify(objectLogin),\n
vuser_end.c(29):             success: function (response) {\n
vuser_end.c(29):                 if (response.error_code === "SUCCESSFUL") {\n
vuser_end.c(29):                     swal({\n
vuser_end.c(29):                         title: 'Th\xC3\xB4ng b\xC3\xA1o',\n
vuser_end.c(29):                         text: '\xC4\x90\xE1\xBB\x95i m\xE1\xBA\xADt kh\xE1\xBA\xA9u th\xC3\xA0
vuser_end.c(29):     nh c\xC3\xB4ng',\n
vuser_end.c(29):                         icon: 'success'\n
vuser_end.c(29):                     });\n
vuser_end.c(29):                     setTimeout(function () {\n
vuser_end.c(29):                         location.href = contextPath + '/login';\n
vuser_end.c(29):                     }, 3000);\n
vuser_end.c(29):                 } else {\n
vuser_end.c(29):                     $("#error_summary").html('\xC4\x90\xE1\xBB\x95i m\xE1\xBA\xADt kh\xE1\xBA\xA9
vuser_end.c(29):     u kh\xC3\xB4ng th\xC3\xA0nh c\xC3\xB4ng. vui l\xC3\xB2ng ki\xE1\xBB\x83m tra l\xE1\xBA\xA1
vuser_end.c(29):     i th\xC3\xB4ng tin t\xC3\xA0i kho\xE1\xBA\xA3n');\n
Vuser 47 (thread 2816), ended OK."	[MsgId: MMSG-10695]
vuser_end.c(29):                 }\n
vuser_end.c(29):             }\n
vuser_end.c(29):         });\n
vuser_end.c(29):     }\n
vuser_end.c(29):     \n
vuser_end.c(29):     \n
vuser_end.c(29):     \n
vuser_end.c(29):     \n
vuser_end.c(29): t=64809ms: 133-byte response headers for "https://themis.test.xplat.fpt.com.vn/assets/new/image/topBannerFptLogo.png" (RelFrameId=, Internal ID=58)
vuser_end.c(29):     HTTP/1.1 200 OK\r\n
vuser_end.c(29):     Date: Tue, 04 May 2021 03:53:43 GMT\r\n
vuser_end.c(29):     Content-Type: image/png\r\n
vuser_end.c(29):     Content-Encoding: gzip\r\n
vuser_end.c(29):     Transfer-Encoding: chunked\r\n
vuser_end.c(29):     \r\n
vuser_end.c(29): t=64809ms: 6-byte chunked response overhead for "https://themis.test.xplat.fpt.com.vn/assets/new/image/topBannerFptLogo.png" (RelFrameId=, Internal ID=58)
vuser_end.c(29): t=64809ms: 1259-byte ENCODED response body received for "https://themis.test.xplat.fpt.com.vn/assets/new/image/topBannerFptLogo.png" (RelFrameId=, Internal ID=58)
vuser_end.c(29): t=64810ms: 1327-byte DECODED response body for "https://themis.test.xplat.fpt.com.vn/assets/new/image/topBannerFptLogo.png" (RelFrameId=, Internal ID=58)
vuser_end.c(29): t=64810ms: 12287-byte ENCODED response body received for "https://themis.test.xplat.fpt.com.vn/assets/new/image/topBannerFptLogo.png" (RelFrameId=, Internal ID=58)
vuser_end.c(29): t=64810ms: 12288-byte DECODED response body for "https://themis.test.xplat.fpt.com.vn/assets/new/image/topBannerFptLogo.png" (RelFrameId=, Internal ID=58)
vuser_end.c(29): t=64810ms: 242-byte DECODED response body for "https://themis.test.xplat.fpt.com.vn/assets/new/image/topBannerFptLogo.png" (RelFrameId=, Internal ID=58)
vuser_end.c(29): t=64810ms: 295-byte ENCODED response body received for "https://themis.test.xplat.fpt.com.vn/assets/new/image/topBannerFptLogo.png" (RelFrameId=, Internal ID=58)
vuser_end.c(29): t=64810ms: 294-byte DECODED response body for "https://themis.test.xplat.fpt.com.vn/assets/new/image/topBannerFptLogo.png" (RelFrameId=, Internal ID=58)
vuser_end.c(29): t=64811ms: 12287-byte ENCODED response body received for "https://themis.test.xplat.fpt.com.vn/assets/new/image/topBannerFptLogo.png" (RelFrameId=, Internal ID=58)
vuser_end.c(29): t=64811ms: 12271-byte DECODED response body for "https://themis.test.xplat.fpt.com.vn/assets/new/image/topBannerFptLogo.png" (RelFrameId=, Internal ID=58)
vuser_end.c(29): t=64811ms: 4097-byte ENCODED response body received for "https://themis.test.xplat.fpt.com.vn/assets/new/image/topBannerFptLogo.png" (RelFrameId=, Internal ID=58)
vuser_end.c(29): t=64811ms: 4116-byte DECODED response body for "https://themis.test.xplat.fpt.com.vn/assets/new/image/topBannerFptLogo.png" (RelFrameId=, Internal ID=58)
vuser_end.c(29): t=64811ms: 7-byte chunked response overhead for "https://themis.test.xplat.fpt.com.vn/assets/new/image/topBannerFptLogo.png" (RelFrameId=, Internal ID=58)
vuser_end.c(29): t=64811ms: 2934-byte ENCODED response body received for "https://themis.test.xplat.fpt.com.vn/assets/new/image/topBannerFptLogo.png" (RelFrameId=, Internal ID=58)
vuser_end.c(29): t=64811ms: 2942-byte DECODED response body for "https://themis.test.xplat.fpt.com.vn/assets/new/image/topBannerFptLogo.png" (RelFrameId=, Internal ID=58)
vuser_end.c(29): t=64812ms: 8-byte chunked response overhead for "https://themis.test.xplat.fpt.com.vn/assets/new/image/topBannerFptLogo.png" (RelFrameId=, Internal ID=58)
vuser_end.c(29): t=64812ms: 1390-byte ENCODED response body received for "https://themis.test.xplat.fpt.com.vn/assets/new/image/topBannerFptLogo.png" (RelFrameId=, Internal ID=58)
vuser_end.c(29): t=64812ms: 1317-byte DECODED response body for "https://themis.test.xplat.fpt.com.vn/assets/new/image/topBannerFptLogo.png" (RelFrameId=, Internal ID=58)
vuser_end.c(29): t=64812ms: 5-byte chunked response overhead for "https://themis.test.xplat.fpt.com.vn/assets/new/image/topBannerFptLogo.png" (RelFrameId=, Internal ID=58)
vuser_end.c(29): t=64812ms: 6591-byte ENCODED response body received for "https://themis.test.xplat.fpt.com.vn/assets/new/image/topBannerFptLogo.png" (RelFrameId=, Internal ID=58)
vuser_end.c(29): t=64812ms: 6748-byte DECODED response body for "https://themis.test.xplat.fpt.com.vn/assets/new/image/topBannerFptLogo.png" (RelFrameId=, Internal ID=58)
vuser_end.c(29): t=64812ms: 7-byte chunked response overhead for "https://themis.test.xplat.fpt.com.vn/assets/new/image/topBannerFptLogo.png" (RelFrameId=, Internal ID=58)
vuser_end.c(29): t=64812ms: 5-byte chunked response overhead for "https://themis.test.xplat.fpt.com.vn/assets/new/image/loginIcon.png" (RelFrameId=, Internal ID=59)
vuser_end.c(29): t=64813ms: 7-byte chunked response overhead for "https://themis.test.xplat.fpt.com.vn/assets/new/image/loginIcon.png" (RelFrameId=, Internal ID=59)
vuser_end.c(29): t=64813ms: 3081-byte ENCODED response body received for "https://themis.test.xplat.fpt.com.vn/assets/new/image/loginIcon.png" (RelFrameId=, Internal ID=59)
vuser_end.c(29): t=64813ms: 3119-byte DECODED response body for "https://themis.test.xplat.fpt.com.vn/assets/new/image/loginIcon.png" (RelFrameId=, Internal ID=59)
vuser_end.c(29): web_url("dang-xuat") was successful, 146241 body bytes, 864 header bytes, 127 chunking overhead bytes  	[MsgId: MMSG-26385]
Ending action vuser_end.	[MsgId: MMSG-15918]
Vuser Terminated.	[MsgId: MMSG-15963]
Vuser 49 (thread 27716), ended OK."	[MsgId: MMSG-10695]
